<?xml version="1.0" encoding="UTF-8"?>
<testng-results total="1" passed="1" failed="0" skipped="0">
  <reporter-output>
  </reporter-output>
  <suite started-at="2024-07-01T10:36:33Z" name="Suite" finished-at="2024-07-01T10:36:53Z" duration-ms="19750">
    <groups>
    </groups>
    <test started-at="2024-07-01T10:36:33Z" name="Test" finished-at="2024-07-01T10:36:53Z" duration-ms="19750">
      <class name="com.quest.test.LoginTest">
        <test-method is-config="true" signature="setUp()[pri:0, instance:com.quest.test.LoginTest@7e5c856f]" started-at="2024-07-01T16:06:33Z" name="setUp" finished-at="2024-07-01T16:06:42Z" duration-ms="8607" status="PASS">
          <reporter-output>
          </reporter-output>
        </test-method> <!-- setUp -->
        <test-method signature="Login()[pri:0, instance:com.quest.test.LoginTest@7e5c856f]" started-at="2024-07-01T16:06:42Z" name="Login" finished-at="2024-07-01T16:06:48Z" duration-ms="5948" status="PASS">
          <reporter-output>
          </reporter-output>
        </test-method> <!-- Login -->
        <test-method is-config="true" signature="tearDown()[pri:0, instance:com.quest.test.LoginTest@7e5c856f]" started-at="2024-07-01T16:06:48Z" name="tearDown" finished-at="2024-07-01T16:06:53Z" duration-ms="5184" status="PASS">
          <reporter-output>
          </reporter-output>
        </test-method> <!-- tearDown -->
      </class> <!-- com.quest.test.LoginTest -->
    </test> <!-- Test -->
  </suite> <!-- Suite -->
</testng-results>
